<?xml version="1.0" encoding="UTF-8"?>
<testng-results ignored="0" total="0" passed="0" failed="0" skipped="0">
  <reporter-output>
  </reporter-output>
  <suite started-at="2020-04-05T21:17:02 MSK" name="Features.runCucumberTest" finished-at="2020-04-05T21:17:02 MSK" duration-ms="5">
    <groups>
    </groups>
    <test started-at="2020-04-05T21:17:02 MSK" name="Command line test" finished-at="2020-04-05T21:17:02 MSK" duration-ms="5">
    </test> <!-- Command line test -->
  </suite> <!-- Features.runCucumberTest -->
</testng-results>
